<?xml version="1.0" encoding="UTF-8"?>
<!-- Generated by org.testng.reporters.JUnitXMLReporter -->
<testsuite ignored="5" hostname="Mds-MacBook-Pro-2.local" failures="0" tests="5" name="Default test" time="58.896" errors="0" timestamp="12 Apr 2020 05:01:54 GMT">
  <testcase classname="Practice.FinanciacAutomation.FinancialAutomationn" name="login" time="7.209"/>
  <testcase classname="Practice.FinanciacAutomation.FinancialAutomationn" name="cnnPages" time="42.14"/>
  <testcase classname="Practice.FinanciacAutomation.FinancialAutomationn" name="testcasenumber3" time="7.122"/>
  <testcase classname="Practice.FinanciacAutomation.FinancialAutomationn" name="testcasenumber4" time="0.108"/>
  <testcase classname="Practice.FinanciacAutomation.FinancialAutomationn" name="testcasenumber5" time="0.001"/>
  <testcase classname="Practice.FinanciacAutomation.FinancialAutomationn" name="testcasenumber10" time="0.0">
    <ignored/>
  </testcase> <!-- testcasenumber10 -->
  <testcase classname="Practice.FinanciacAutomation.FinancialAutomationn" name="testcasenumber8" time="0.0">
    <ignored/>
  </testcase> <!-- testcasenumber8 -->
  <testcase classname="Practice.FinanciacAutomation.FinancialAutomationn" name="testcasenumber9" time="0.0">
    <ignored/>
  </testcase> <!-- testcasenumber9 -->
  <testcase classname="Practice.FinanciacAutomation.FinancialAutomationn" name="testcasenumber6" time="0.0">
    <ignored/>
  </testcase> <!-- testcasenumber6 -->
  <testcase classname="Practice.FinanciacAutomation.FinancialAutomationn" name="testcasenumber7" time="0.0">
    <ignored/>
  </testcase> <!-- testcasenumber7 -->
</testsuite> <!-- Default test -->
