<?xml version="1.0" encoding="UTF-8"?>
<testng-results ignored="0" total="10" passed="10" failed="0" skipped="0">
  <reporter-output>
  </reporter-output>
  <suite started-at="2020-04-12T21:21:55Z" name="Default suite" finished-at="2020-04-12T21:22:53Z" duration-ms="58001">
    <groups>
    </groups>
    <test started-at="2020-04-12T21:21:55Z" name="Default test" finished-at="2020-04-12T21:22:53Z" duration-ms="58001">
      <class name="Practice.FinanciacAutomation.FinancialAutomationn">
        <test-method is-config="true" signature="setup()[pri:0, instance:Practice.FinanciacAutomation.FinancialAutomationn@38afe297]" started-at="2020-04-12T21:21:55Z" name="setup" finished-at="2020-04-12T21:21:57Z" duration-ms="2169" status="PASS">
          <reporter-output>
          </reporter-output>
        </test-method> <!-- setup -->
        <test-method signature="login()[pri:0, instance:Practice.FinanciacAutomation.FinancialAutomationn@38afe297]" started-at="2020-04-12T21:21:57Z" name="login" finished-at="2020-04-12T21:22:08Z" duration-ms="11115" status="PASS">
          <reporter-output>
          </reporter-output>
        </test-method> <!-- login -->
        <test-method signature="cnnPages()[pri:0, instance:Practice.FinanciacAutomation.FinancialAutomationn@38afe297]" started-at="2020-04-12T21:22:08Z" name="cnnPages" finished-at="2020-04-12T21:22:46Z" depends-on-methods="Practice.FinanciacAutomation.FinancialAutomationn.login" duration-ms="37729" status="PASS">
          <reporter-output>
          </reporter-output>
        </test-method> <!-- cnnPages -->
        <test-method signature="testcasenumber3()[pri:0, instance:Practice.FinanciacAutomation.FinancialAutomationn@38afe297]" started-at="2020-04-12T21:22:46Z" name="testcasenumber3" finished-at="2020-04-12T21:22:53Z" depends-on-methods="Practice.FinanciacAutomation.FinancialAutomationn.cnnPages" duration-ms="6702" status="PASS">
          <reporter-output>
          </reporter-output>
        </test-method> <!-- testcasenumber3 -->
        <test-method signature="testcasenumber4()[pri:0, instance:Practice.FinanciacAutomation.FinancialAutomationn@38afe297]" started-at="2020-04-12T21:22:53Z" name="testcasenumber4" finished-at="2020-04-12T21:22:53Z" depends-on-methods="Practice.FinanciacAutomation.FinancialAutomationn.testcasenumber3" duration-ms="62" status="PASS">
          <reporter-output>
          </reporter-output>
        </test-method> <!-- testcasenumber4 -->
        <test-method signature="testcasenumber5()[pri:0, instance:Practice.FinanciacAutomation.FinancialAutomationn@38afe297]" started-at="2020-04-12T21:22:53Z" name="testcasenumber5" finished-at="2020-04-12T21:22:53Z" depends-on-methods="Practice.FinanciacAutomation.FinancialAutomationn.testcasenumber4" duration-ms="1" status="PASS">
          <reporter-output>
          </reporter-output>
        </test-method> <!-- testcasenumber5 -->
        <test-method signature="testcase6()[pri:0, instance:Practice.FinanciacAutomation.FinancialAutomationn@38afe297]" started-at="2020-04-12T21:22:53Z" name="testcase6" finished-at="2020-04-12T21:22:53Z" depends-on-methods="Practice.FinanciacAutomation.FinancialAutomationn.testcasenumber5" duration-ms="1" status="PASS">
          <reporter-output>
          </reporter-output>
        </test-method> <!-- testcase6 -->
        <test-method signature="testcasenumber7()[pri:0, instance:Practice.FinanciacAutomation.FinancialAutomationn@38afe297]" started-at="2020-04-12T21:22:53Z" name="testcasenumber7" finished-at="2020-04-12T21:22:53Z" depends-on-methods="Practice.FinanciacAutomation.FinancialAutomationn.testcase6" duration-ms="3" status="PASS">
          <reporter-output>
          </reporter-output>
        </test-method> <!-- testcasenumber7 -->
        <test-method signature="testcasenumber8()[pri:0, instance:Practice.FinanciacAutomation.FinancialAutomationn@38afe297]" started-at="2020-04-12T21:22:53Z" name="testcasenumber8" finished-at="2020-04-12T21:22:53Z" depends-on-methods="Practice.FinanciacAutomation.FinancialAutomationn.testcasenumber7" duration-ms="1" status="PASS">
          <reporter-output>
          </reporter-output>
        </test-method> <!-- testcasenumber8 -->
        <test-method signature="testcase9()[pri:0, instance:Practice.FinanciacAutomation.FinancialAutomationn@38afe297]" started-at="2020-04-12T21:22:53Z" name="testcase9" finished-at="2020-04-12T21:22:53Z" depends-on-methods="Practice.FinanciacAutomation.FinancialAutomationn.testcasenumber8" duration-ms="1" status="PASS">
          <reporter-output>
          </reporter-output>
        </test-method> <!-- testcase9 -->
        <test-method signature="testcasenumber10()[pri:0, instance:Practice.FinanciacAutomation.FinancialAutomationn@38afe297]" started-at="2020-04-12T21:22:53Z" name="testcasenumber10" finished-at="2020-04-12T21:22:53Z" depends-on-methods="Practice.FinanciacAutomation.FinancialAutomationn.testcase9" duration-ms="1" status="PASS">
          <reporter-output>
          </reporter-output>
        </test-method> <!-- testcasenumber10 -->
        <test-method is-config="true" signature="teardown()[pri:0, instance:Practice.FinanciacAutomation.FinancialAutomationn@38afe297]" started-at="2020-04-12T21:22:53Z" name="teardown" finished-at="2020-04-12T21:22:53Z" duration-ms="175" status="PASS">
          <reporter-output>
          </reporter-output>
        </test-method> <!-- teardown -->
      </class> <!-- Practice.FinanciacAutomation.FinancialAutomationn -->
    </test> <!-- Default test -->
  </suite> <!-- Default suite -->
</testng-results>
